{"D:\\Latihan Code\\JS-TS-here\\rest-api\\src\\config\\environment.ts": {"path":"D:\\Latihan Code\\JS-TS-here\\rest-api\\src\\config\\environment.ts","statementMap":{"0":{"start":{"line":1,"column":0},"end":{"line":1,"column":22}},"1":{"start":{"line":3,"column":15},"end":{"line":7,"column":null}},"2":{"start":{"line":9,"column":0},"end":{"line":9,"column":null}}},"fnMap":{},"branchMap":{},"s":{"0":1,"1":1,"2":1},"f":{},"b":{}}
,"D:\\Latihan Code\\JS-TS-here\\rest-api\\src\\controllers\\auth.controller.ts": {"path":"D:\\Latihan Code\\JS-TS-here\\rest-api\\src\\controllers\\auth.controller.ts","statementMap":{"0":{"start":{"line":2,"column":0},"end":{"line":2,"column":35}},"1":{"start":{"line":3,"column":0},"end":{"line":3,"column":61}},"2":{"start":{"line":4,"column":0},"end":{"line":4,"column":41}},"3":{"start":{"line":5,"column":0},"end":{"line":5,"column":50}},"4":{"start":{"line":6,"column":0},"end":{"line":6,"column":58}},"5":{"start":{"line":8,"column":0},"end":{"line":8,"column":50}},"6":{"start":{"line":10,"column":13},"end":{"line":128,"column":2}},"7":{"start":{"line":12,"column":4},"end":{"line":12,"column":32}},"8":{"start":{"line":13,"column":29},"end":{"line":13,"column":70}},"9":{"start":{"line":15,"column":4},"end":{"line":22,"column":null}},"10":{"start":{"line":16,"column":6},"end":{"line":16,"column":null}},"11":{"start":{"line":17,"column":6},"end":{"line":21,"column":9}},"12":{"start":{"line":24,"column":4},"end":{"line":39,"column":null}},"13":{"start":{"line":25,"column":6},"end":{"line":25,"column":null}},"14":{"start":{"line":26,"column":6},"end":{"line":26,"column":null}},"15":{"start":{"line":27,"column":6},"end":{"line":31,"column":null}},"16":{"start":{"line":33,"column":6},"end":{"line":33,"column":61}},"17":{"start":{"line":34,"column":6},"end":{"line":38,"column":9}},"18":{"start":{"line":43,"column":20},"end":{"line":43,"column":47}},"19":{"start":{"line":44,"column":4},"end":{"line":44,"column":null}},"20":{"start":{"line":45,"column":4},"end":{"line":51,"column":null}},"21":{"start":{"line":46,"column":6},"end":{"line":50,"column":null}},"22":{"start":{"line":52,"column":4},"end":{"line":56,"column":null}},"23":{"start":{"line":60,"column":29},"end":{"line":60,"column":65}},"24":{"start":{"line":61,"column":4},"end":{"line":67,"column":null}},"25":{"start":{"line":62,"column":6},"end":{"line":66,"column":9}},"26":{"start":{"line":68,"column":4},"end":{"line":93,"column":null}},"27":{"start":{"line":69,"column":24},"end":{"line":69,"column":70}},"28":{"start":{"line":70,"column":22},"end":{"line":70,"column":66}},"29":{"start":{"line":72,"column":6},"end":{"line":76,"column":null}},"30":{"start":{"line":73,"column":8},"end":{"line":75,"column":11}},"31":{"start":{"line":77,"column":26},"end":{"line":77,"column":67}},"32":{"start":{"line":78,"column":27},"end":{"line":78,"column":71}},"33":{"start":{"line":79,"column":6},"end":{"line":84,"column":9}},"34":{"start":{"line":86,"column":6},"end":{"line":86,"column":null}},"35":{"start":{"line":87,"column":6},"end":{"line":87,"column":49}},"36":{"start":{"line":88,"column":6},"end":{"line":92,"column":9}},"37":{"start":{"line":97,"column":29},"end":{"line":97,"column":72}},"38":{"start":{"line":98,"column":4},"end":{"line":104,"column":null}},"39":{"start":{"line":99,"column":6},"end":{"line":103,"column":9}},"40":{"start":{"line":105,"column":4},"end":{"line":126,"column":null}},"41":{"start":{"line":106,"column":30},"end":{"line":106,"column":59}},"42":{"start":{"line":107,"column":19},"end":{"line":107,"column":66}},"43":{"start":{"line":108,"column":6},"end":{"line":108,"column":30}},"44":{"start":{"line":108,"column":17},"end":{"line":108,"column":30}},"45":{"start":{"line":109,"column":26},"end":{"line":113,"column":8}},"46":{"start":{"line":114,"column":6},"end":{"line":118,"column":9}},"47":{"start":{"line":120,"column":6},"end":{"line":120,"column":69}},"48":{"start":{"line":121,"column":6},"end":{"line":125,"column":9}}},"fnMap":{"0":{"name":"(anonymous_7)","decl":{"start":{"line":11,"column":8},"end":{"line":11,"column":18}},"loc":{"start":{"line":11,"column":46},"end":{"line":40,"column":null}}},"1":{"name":"(anonymous_9)","decl":{"start":{"line":42,"column":8},"end":{"line":42,"column":15}},"loc":{"start":{"line":42,"column":43},"end":{"line":57,"column":null}}},"2":{"name":"(anonymous_11)","decl":{"start":{"line":59,"column":8},"end":{"line":59,"column":21}},"loc":{"start":{"line":59,"column":49},"end":{"line":94,"column":null}}},"3":{"name":"(anonymous_13)","decl":{"start":{"line":96,"column":8},"end":{"line":96,"column":22}},"loc":{"start":{"line":96,"column":48},"end":{"line":127,"column":null}}}},"branchMap":{"0":{"loc":{"start":{"line":15,"column":4},"end":{"line":22,"column":null}},"type":"if","locations":[{"start":{"line":15,"column":4},"end":{"line":22,"column":null}}]},"1":{"loc":{"start":{"line":45,"column":4},"end":{"line":51,"column":null}},"type":"if","locations":[{"start":{"line":45,"column":4},"end":{"line":51,"column":null}}]},"2":{"loc":{"start":{"line":61,"column":4},"end":{"line":67,"column":null}},"type":"if","locations":[{"start":{"line":61,"column":4},"end":{"line":67,"column":null}}]},"3":{"loc":{"start":{"line":72,"column":6},"end":{"line":76,"column":null}},"type":"if","locations":[{"start":{"line":72,"column":6},"end":{"line":76,"column":null}}]},"4":{"loc":{"start":{"line":98,"column":4},"end":{"line":104,"column":null}},"type":"if","locations":[{"start":{"line":98,"column":4},"end":{"line":104,"column":null}}]},"5":{"loc":{"start":{"line":108,"column":6},"end":{"line":108,"column":30}},"type":"if","locations":[{"start":{"line":108,"column":6},"end":{"line":108,"column":30}}]}},"s":{"0":1,"1":1,"2":1,"3":1,"4":1,"5":1,"6":1,"7":0,"8":0,"9":0,"10":0,"11":0,"12":0,"13":0,"14":0,"15":0,"16":0,"17":0,"18":0,"19":0,"20":0,"21":0,"22":0,"23":0,"24":0,"25":0,"26":0,"27":0,"28":0,"29":0,"30":0,"31":0,"32":0,"33":0,"34":0,"35":0,"36":0,"37":0,"38":0,"39":0,"40":0,"41":0,"42":0,"43":0,"44":0,"45":0,"46":0,"47":0,"48":0},"f":{"0":0,"1":0,"2":0,"3":0},"b":{"0":[0],"1":[0],"2":[0],"3":[0],"4":[0],"5":[0]}}
,"D:\\Latihan Code\\JS-TS-here\\rest-api\\src\\controllers\\product.controller.ts": {"path":"D:\\Latihan Code\\JS-TS-here\\rest-api\\src\\controllers\\product.controller.ts","statementMap":{"0":{"start":{"line":2,"column":0},"end":{"line":2,"column":35}},"1":{"start":{"line":3,"column":0},"end":{"line":3,"column":73}},"2":{"start":{"line":4,"column":0},"end":{"line":4,"column":52}},"3":{"start":{"line":5,"column":0},"end":{"line":5,"column":41}},"4":{"start":{"line":7,"column":0},"end":{"line":7,"column":57}},"5":{"start":{"line":14,"column":4},"end":{"line":14,"column":null}},"6":{"start":{"line":15,"column":29},"end":{"line":15,"column":60}},"7":{"start":{"line":16,"column":4},"end":{"line":23,"column":null}},"8":{"start":{"line":17,"column":6},"end":{"line":17,"column":68}},"9":{"start":{"line":18,"column":6},"end":{"line":22,"column":9}},"10":{"start":{"line":24,"column":4},"end":{"line":40,"column":null}},"11":{"start":{"line":25,"column":6},"end":{"line":25,"column":null}},"12":{"start":{"line":26,"column":6},"end":{"line":32,"column":null}},"13":{"start":{"line":34,"column":6},"end":{"line":34,"column":36}},"14":{"start":{"line":35,"column":6},"end":{"line":39,"column":null}},"15":{"start":{"line":44,"column":25},"end":{"line":44,"column":59}},"16":{"start":{"line":45,"column":25},"end":{"line":45,"column":35}},"17":{"start":{"line":46,"column":27},"end":{"line":46,"column":35}},"18":{"start":{"line":62,"column":4},"end":{"line":78,"column":null}},"19":{"start":{"line":63,"column":6},"end":{"line":65,"column":null}},"20":{"start":{"line":64,"column":8},"end":{"line":64,"column":71}},"21":{"start":{"line":66,"column":6},"end":{"line":72,"column":null}},"22":{"start":{"line":67,"column":8},"end":{"line":71,"column":null}},"23":{"start":{"line":73,"column":6},"end":{"line":77,"column":null}},"24":{"start":{"line":79,"column":4},"end":{"line":83,"column":null}},"25":{"start":{"line":88,"column":19},"end":{"line":88,"column":29}},"26":{"start":{"line":89,"column":29},"end":{"line":89,"column":60}},"27":{"start":{"line":90,"column":4},"end":{"line":96,"column":null}},"28":{"start":{"line":91,"column":6},"end":{"line":95,"column":9}},"29":{"start":{"line":97,"column":4},"end":{"line":107,"column":null}},"30":{"start":{"line":99,"column":6},"end":{"line":99,"column":null}},"31":{"start":{"line":100,"column":6},"end":{"line":104,"column":null}},"32":{"start":{"line":106,"column":6},"end":{"line":106,"column":null}},"33":{"start":{"line":111,"column":25},"end":{"line":111,"column":59}},"34":{"start":{"line":112,"column":37},"end":{"line":112,"column":40}},"35":{"start":{"line":113,"column":27},"end":{"line":113,"column":35}},"36":{"start":{"line":114,"column":4},"end":{"line":114,"column":null}},"37":{"start":{"line":115,"column":4},"end":{"line":126,"column":null}},"38":{"start":{"line":116,"column":6},"end":{"line":118,"column":null}},"39":{"start":{"line":117,"column":8},"end":{"line":117,"column":null}},"40":{"start":{"line":119,"column":6},"end":{"line":125,"column":null}},"41":{"start":{"line":120,"column":8},"end":{"line":124,"column":null}},"42":{"start":{"line":127,"column":4},"end":{"line":131,"column":null}},"43":{"start":{"line":135,"column":19},"end":{"line":135,"column":29}},"44":{"start":{"line":136,"column":4},"end":{"line":153,"column":null}},"45":{"start":{"line":137,"column":21},"end":{"line":137,"column":57}},"46":{"start":{"line":138,"column":6},"end":{"line":144,"column":null}},"47":{"start":{"line":139,"column":8},"end":{"line":143,"column":11}},"48":{"start":{"line":145,"column":6},"end":{"line":149,"column":9}},"49":{"start":{"line":151,"column":6},"end":{"line":151,"column":null}},"50":{"start":{"line":152,"column":6},"end":{"line":152,"column":19}},"51":{"start":{"line":157,"column":19},"end":{"line":157,"column":29}},"52":{"start":{"line":158,"column":4},"end":{"line":158,"column":null}},"53":{"start":{"line":159,"column":4},"end":{"line":177,"column":null}},"54":{"start":{"line":160,"column":23},"end":{"line":160,"column":54}},"55":{"start":{"line":161,"column":6},"end":{"line":168,"column":null}},"56":{"start":{"line":162,"column":8},"end":{"line":162,"column":null}},"57":{"start":{"line":163,"column":8},"end":{"line":167,"column":11}},"58":{"start":{"line":169,"column":6},"end":{"line":173,"column":9}},"59":{"start":{"line":175,"column":6},"end":{"line":175,"column":null}},"60":{"start":{"line":176,"column":6},"end":{"line":176,"column":null}},"61":{"start":{"line":12,"column":0},"end":{"line":12,"column":21}}},"fnMap":{"0":{"name":"(anonymous_8)","decl":{"start":{"line":13,"column":2},"end":{"line":13,"column":8}},"loc":{"start":{"line":13,"column":56},"end":{"line":41,"column":null}}},"1":{"name":"(anonymous_10)","decl":{"start":{"line":43,"column":2},"end":{"line":43,"column":8}},"loc":{"start":{"line":43,"column":54},"end":{"line":84,"column":null}}},"2":{"name":"(anonymous_12)","decl":{"start":{"line":63,"column":41},"end":{"line":63,"column":42}},"loc":{"start":{"line":63,"column":66},"end":{"line":65,"column":7}}},"3":{"name":"(anonymous_13)","decl":{"start":{"line":86,"column":2},"end":{"line":86,"column":8}},"loc":{"start":{"line":86,"column":56},"end":{"line":108,"column":null}}},"4":{"name":"(anonymous_15)","decl":{"start":{"line":110,"column":10},"end":{"line":110,"column":16}},"loc":{"start":{"line":110,"column":61},"end":{"line":132,"column":null}}},"5":{"name":"(anonymous_17)","decl":{"start":{"line":116,"column":49},"end":{"line":116,"column":50}},"loc":{"start":{"line":116,"column":73},"end":{"line":118,"column":7}}},"6":{"name":"(anonymous_18)","decl":{"start":{"line":134,"column":2},"end":{"line":134,"column":8}},"loc":{"start":{"line":134,"column":55},"end":{"line":154,"column":null}}},"7":{"name":"(anonymous_20)","decl":{"start":{"line":156,"column":2},"end":{"line":156,"column":8}},"loc":{"start":{"line":156,"column":54},"end":{"line":178,"column":null}}}},"branchMap":{"0":{"loc":{"start":{"line":16,"column":4},"end":{"line":23,"column":null}},"type":"if","locations":[{"start":{"line":16,"column":4},"end":{"line":23,"column":null}}]},"1":{"loc":{"start":{"line":62,"column":4},"end":{"line":78,"column":null}},"type":"if","locations":[{"start":{"line":62,"column":4},"end":{"line":78,"column":null}}]},"2":{"loc":{"start":{"line":66,"column":6},"end":{"line":72,"column":null}},"type":"if","locations":[{"start":{"line":66,"column":6},"end":{"line":72,"column":null}}]},"3":{"loc":{"start":{"line":66,"column":10},"end":{"line":66,"column":57}},"type":"binary-expr","locations":[{"start":{"line":66,"column":10},"end":{"line":66,"column":26}},{"start":{"line":66,"column":30},"end":{"line":66,"column":57}}]},"4":{"loc":{"start":{"line":90,"column":4},"end":{"line":96,"column":null}},"type":"if","locations":[{"start":{"line":90,"column":4},"end":{"line":96,"column":null}}]},"5":{"loc":{"start":{"line":115,"column":4},"end":{"line":126,"column":null}},"type":"if","locations":[{"start":{"line":115,"column":4},"end":{"line":126,"column":null}}]},"6":{"loc":{"start":{"line":117,"column":15},"end":{"line":117,"column":83}},"type":"cond-expr","locations":[{"start":{"line":117,"column":27},"end":{"line":117,"column":29}},{"start":{"line":117,"column":27},"end":{"line":117,"column":83}}]},"7":{"loc":{"start":{"line":117,"column":15},"end":{"line":117,"column":29}},"type":"binary-expr","locations":[{"start":{"line":117,"column":15},"end":{"line":117,"column":29}},{"start":{"line":117,"column":27},"end":{"line":117,"column":29}}]},"8":{"loc":{"start":{"line":119,"column":6},"end":{"line":125,"column":null}},"type":"if","locations":[{"start":{"line":119,"column":6},"end":{"line":125,"column":null}}]},"9":{"loc":{"start":{"line":119,"column":10},"end":{"line":119,"column":57}},"type":"binary-expr","locations":[{"start":{"line":119,"column":10},"end":{"line":119,"column":26}},{"start":{"line":119,"column":30},"end":{"line":119,"column":57}}]},"10":{"loc":{"start":{"line":138,"column":6},"end":{"line":144,"column":null}},"type":"if","locations":[{"start":{"line":138,"column":6},"end":{"line":144,"column":null}}]},"11":{"loc":{"start":{"line":161,"column":6},"end":{"line":168,"column":null}},"type":"if","locations":[{"start":{"line":161,"column":6},"end":{"line":168,"column":null}}]}},"s":{"0":1,"1":1,"2":1,"3":1,"4":1,"5":0,"6":0,"7":0,"8":0,"9":0,"10":0,"11":0,"12":0,"13":0,"14":0,"15":0,"16":0,"17":0,"18":0,"19":0,"20":0,"21":0,"22":0,"23":0,"24":0,"25":0,"26":0,"27":0,"28":0,"29":0,"30":0,"31":0,"32":0,"33":0,"34":0,"35":0,"36":0,"37":0,"38":0,"39":0,"40":0,"41":0,"42":0,"43":1,"44":1,"45":1,"46":1,"47":0,"48":1,"49":0,"50":0,"51":0,"52":0,"53":0,"54":0,"55":0,"56":0,"57":0,"58":0,"59":0,"60":0,"61":1},"f":{"0":0,"1":0,"2":0,"3":0,"4":0,"5":0,"6":1,"7":0},"b":{"0":[0],"1":[0],"2":[0],"3":[0,0],"4":[0],"5":[0],"6":[0,0],"7":[0,0],"8":[0],"9":[0,0],"10":[0],"11":[0]}}
,"D:\\Latihan Code\\JS-TS-here\\rest-api\\src\\middleware\\auth.ts": {"path":"D:\\Latihan Code\\JS-TS-here\\rest-api\\src\\middleware\\auth.ts","statementMap":{"0":{"start":{"line":3,"column":13},"end":{"line":20,"column":null}},"1":{"start":{"line":5,"column":21},"end":{"line":5,"column":31}},"2":{"start":{"line":7,"column":4},"end":{"line":9,"column":null}},"3":{"start":{"line":8,"column":6},"end":{"line":8,"column":33}},"4":{"start":{"line":10,"column":4},"end":{"line":10,"column":null}},"5":{"start":{"line":13,"column":21},"end":{"line":13,"column":31}},"6":{"start":{"line":15,"column":4},"end":{"line":17,"column":null}},"7":{"start":{"line":16,"column":6},"end":{"line":16,"column":33}},"8":{"start":{"line":18,"column":4},"end":{"line":18,"column":null}}},"fnMap":{"0":{"name":"(anonymous_0)","decl":{"start":{"line":4,"column":2},"end":{"line":4,"column":13}},"loc":{"start":{"line":4,"column":61},"end":{"line":11,"column":3}}},"1":{"name":"(anonymous_1)","decl":{"start":{"line":12,"column":2},"end":{"line":12,"column":14}},"loc":{"start":{"line":12,"column":62},"end":{"line":19,"column":3}}}},"branchMap":{"0":{"loc":{"start":{"line":7,"column":4},"end":{"line":9,"column":null}},"type":"if","locations":[{"start":{"line":7,"column":4},"end":{"line":9,"column":null}}]},"1":{"loc":{"start":{"line":15,"column":4},"end":{"line":17,"column":null}},"type":"if","locations":[{"start":{"line":15,"column":4},"end":{"line":17,"column":null}}]},"2":{"loc":{"start":{"line":15,"column":8},"end":{"line":15,"column":43}},"type":"binary-expr","locations":[{"start":{"line":15,"column":8},"end":{"line":15,"column":13}},{"start":{"line":15,"column":17},"end":{"line":15,"column":43}}]}},"s":{"0":1,"1":0,"2":0,"3":0,"4":0,"5":0,"6":0,"7":0,"8":0},"f":{"0":0,"1":0},"b":{"0":[0],"1":[0],"2":[0,0]}}
,"D:\\Latihan Code\\JS-TS-here\\rest-api\\src\\middleware\\deserializedToken.ts": {"path":"D:\\Latihan Code\\JS-TS-here\\rest-api\\src\\middleware\\deserializedToken.ts","statementMap":{"0":{"start":{"line":2,"column":0},"end":{"line":2,"column":41}},"1":{"start":{"line":4,"column":26},"end":{"line":20,"column":null}},"2":{"start":{"line":4,"column":84},"end":{"line":20,"column":null}},"3":{"start":{"line":5,"column":22},"end":{"line":5,"column":73}},"4":{"start":{"line":7,"column":2},"end":{"line":9,"column":null}},"5":{"start":{"line":8,"column":4},"end":{"line":8,"column":null}},"6":{"start":{"line":10,"column":31},"end":{"line":10,"column":53}},"7":{"start":{"line":12,"column":2},"end":{"line":15,"column":null}},"8":{"start":{"line":13,"column":4},"end":{"line":13,"column":30}},"9":{"start":{"line":14,"column":4},"end":{"line":14,"column":null}},"10":{"start":{"line":16,"column":2},"end":{"line":18,"column":null}},"11":{"start":{"line":17,"column":4},"end":{"line":17,"column":null}},"12":{"start":{"line":19,"column":2},"end":{"line":19,"column":16}},"13":{"start":{"line":22,"column":0},"end":{"line":22,"column":33}}},"fnMap":{"0":{"name":"(anonymous_7)","decl":{"start":{"line":4,"column":26},"end":{"line":4,"column":33}},"loc":{"start":{"line":4,"column":84},"end":{"line":20,"column":null}}},"1":{"name":"(anonymous_8)","decl":{"start":{"line":4,"column":84},"end":{"line":4,"column":null}},"loc":{"start":{"line":4,"column":84},"end":{"line":20,"column":1}}}},"branchMap":{"0":{"loc":{"start":{"line":5,"column":22},"end":{"line":5,"column":73}},"type":"cond-expr","locations":[{"start":{"line":5,"column":47},"end":{"line":5,"column":49}},{"start":{"line":5,"column":47},"end":{"line":5,"column":73}}]},"1":{"loc":{"start":{"line":5,"column":22},"end":{"line":5,"column":49}},"type":"binary-expr","locations":[{"start":{"line":5,"column":22},"end":{"line":5,"column":49}},{"start":{"line":5,"column":47},"end":{"line":5,"column":49}}]},"2":{"loc":{"start":{"line":7,"column":2},"end":{"line":9,"column":null}},"type":"if","locations":[{"start":{"line":7,"column":2},"end":{"line":9,"column":null}}]},"3":{"loc":{"start":{"line":12,"column":2},"end":{"line":15,"column":null}},"type":"if","locations":[{"start":{"line":12,"column":2},"end":{"line":15,"column":null}}]},"4":{"loc":{"start":{"line":16,"column":2},"end":{"line":18,"column":null}},"type":"if","locations":[{"start":{"line":16,"column":2},"end":{"line":18,"column":null}}]}},"s":{"0":1,"1":1,"2":1,"3":1,"4":1,"5":1,"6":0,"7":0,"8":0,"9":0,"10":0,"11":0,"12":0,"13":1},"f":{"0":1,"1":1},"b":{"0":[1,0],"1":[1,1],"2":[1],"3":[0],"4":[0]}}
,"D:\\Latihan Code\\JS-TS-here\\rest-api\\src\\models\\product.model.ts": {"path":"D:\\Latihan Code\\JS-TS-here\\rest-api\\src\\models\\product.model.ts","statementMap":{"0":{"start":{"line":1,"column":0},"end":{"line":1,"column":32}},"1":{"start":{"line":3,"column":22},"end":{"line":14,"column":null}},"2":{"start":{"line":17,"column":13},"end":{"line":17,"column":null}}},"fnMap":{},"branchMap":{},"s":{"0":1,"1":1,"2":1},"f":{},"b":{}}
,"D:\\Latihan Code\\JS-TS-here\\rest-api\\src\\models\\user.model.ts": {"path":"D:\\Latihan Code\\JS-TS-here\\rest-api\\src\\models\\user.model.ts","statementMap":{"0":{"start":{"line":1,"column":0},"end":{"line":1,"column":32}},"1":{"start":{"line":3,"column":19},"end":{"line":9,"column":24}},"2":{"start":{"line":11,"column":13},"end":{"line":11,"column":61}}},"fnMap":{},"branchMap":{},"s":{"0":1,"1":1,"2":1},"f":{},"b":{}}
,"D:\\Latihan Code\\JS-TS-here\\rest-api\\src\\response\\SuccessResponse.ts": {"path":"D:\\Latihan Code\\JS-TS-here\\rest-api\\src\\response\\SuccessResponse.ts","statementMap":{"0":{"start":{"line":9,"column":4},"end":{"line":9,"column":null}},"1":{"start":{"line":7,"column":0},"end":{"line":7,"column":21}}},"fnMap":{"0":{"name":"(anonymous_0)","decl":{"start":{"line":8,"column":2},"end":{"line":8,"column":8}},"loc":{"start":{"line":8,"column":56},"end":{"line":10,"column":3}}}},"branchMap":{},"s":{"0":0,"1":1},"f":{"0":0},"b":{}}
,"D:\\Latihan Code\\JS-TS-here\\rest-api\\src\\routes\\auth.route.ts": {"path":"D:\\Latihan Code\\JS-TS-here\\rest-api\\src\\routes\\auth.route.ts","statementMap":{"0":{"start":{"line":1,"column":0},"end":{"line":1,"column":33}},"1":{"start":{"line":2,"column":0},"end":{"line":2,"column":64}},"2":{"start":{"line":3,"column":0},"end":{"line":3,"column":52}},"3":{"start":{"line":5,"column":13},"end":{"line":5,"column":null}},"4":{"start":{"line":7,"column":0},"end":{"line":7,"column":null}},"5":{"start":{"line":8,"column":0},"end":{"line":8,"column":null}},"6":{"start":{"line":9,"column":0},"end":{"line":9,"column":null}},"7":{"start":{"line":10,"column":0},"end":{"line":10,"column":null}}},"fnMap":{},"branchMap":{},"s":{"0":1,"1":1,"2":1,"3":1,"4":1,"5":1,"6":1,"7":1},"f":{},"b":{}}
,"D:\\Latihan Code\\JS-TS-here\\rest-api\\src\\routes\\health.route.ts": {"path":"D:\\Latihan Code\\JS-TS-here\\rest-api\\src\\routes\\health.route.ts","statementMap":{"0":{"start":{"line":1,"column":0},"end":{"line":1,"column":65}},"1":{"start":{"line":3,"column":13},"end":{"line":3,"column":null}},"2":{"start":{"line":5,"column":0},"end":{"line":8,"column":null}},"3":{"start":{"line":6,"column":2},"end":{"line":6,"column":null}},"4":{"start":{"line":7,"column":2},"end":{"line":7,"column":null}}},"fnMap":{"0":{"name":"(anonymous_0)","decl":{"start":{"line":5,"column":22},"end":{"line":5,"column":23}},"loc":{"start":{"line":5,"column":74},"end":{"line":8,"column":1}}}},"branchMap":{},"s":{"0":1,"1":1,"2":1,"3":0,"4":0},"f":{"0":0},"b":{}}
,"D:\\Latihan Code\\JS-TS-here\\rest-api\\src\\routes\\index.ts": {"path":"D:\\Latihan Code\\JS-TS-here\\rest-api\\src\\routes\\index.ts","statementMap":{"0":{"start":{"line":2,"column":0},"end":{"line":2,"column":45}},"1":{"start":{"line":3,"column":0},"end":{"line":3,"column":48}},"2":{"start":{"line":4,"column":0},"end":{"line":4,"column":49}},"3":{"start":{"line":8,"column":30},"end":{"line":12,"column":null}},"4":{"start":{"line":14,"column":15},"end":{"line":19,"column":1}},"5":{"start":{"line":15,"column":2},"end":{"line":18,"column":null}},"6":{"start":{"line":16,"column":26},"end":{"line":16,"column":31}},"7":{"start":{"line":17,"column":4},"end":{"line":17,"column":null}},"8":{"start":{"line":21,"column":0},"end":{"line":21,"column":null}}},"fnMap":{"0":{"name":"(anonymous_0)","decl":{"start":{"line":14,"column":15},"end":{"line":14,"column":16}},"loc":{"start":{"line":14,"column":42},"end":{"line":19,"column":1}}},"1":{"name":"(anonymous_1)","decl":{"start":{"line":15,"column":18},"end":{"line":15,"column":19}},"loc":{"start":{"line":15,"column":41},"end":{"line":18,"column":3}}}},"branchMap":{},"s":{"0":1,"1":1,"2":1,"3":1,"4":1,"5":1,"6":3,"7":3,"8":1},"f":{"0":1,"1":3},"b":{}}
,"D:\\Latihan Code\\JS-TS-here\\rest-api\\src\\routes\\products.route.ts": {"path":"D:\\Latihan Code\\JS-TS-here\\rest-api\\src\\routes\\products.route.ts","statementMap":{"0":{"start":{"line":1,"column":0},"end":{"line":1,"column":32}},"1":{"start":{"line":2,"column":0},"end":{"line":2,"column":65}},"2":{"start":{"line":3,"column":0},"end":{"line":3,"column":51}},"3":{"start":{"line":5,"column":13},"end":{"line":5,"column":null}},"4":{"start":{"line":7,"column":0},"end":{"line":7,"column":null}},"5":{"start":{"line":8,"column":0},"end":{"line":8,"column":null}},"6":{"start":{"line":10,"column":0},"end":{"line":10,"column":null}},"7":{"start":{"line":11,"column":0},"end":{"line":11,"column":null}},"8":{"start":{"line":12,"column":0},"end":{"line":12,"column":null}},"9":{"start":{"line":13,"column":0},"end":{"line":13,"column":null}}},"fnMap":{},"branchMap":{},"s":{"0":1,"1":1,"2":1,"3":1,"4":1,"5":1,"6":1,"7":1,"8":1,"9":1},"f":{},"b":{}}
,"D:\\Latihan Code\\JS-TS-here\\rest-api\\src\\services\\auth.srv.ts": {"path":"D:\\Latihan Code\\JS-TS-here\\rest-api\\src\\services\\auth.srv.ts","statementMap":{"0":{"start":{"line":1,"column":0},"end":{"line":1,"column":49}},"1":{"start":{"line":2,"column":0},"end":{"line":2,"column":42}},"2":{"start":{"line":5,"column":13},"end":{"line":22,"column":null}},"3":{"start":{"line":7,"column":4},"end":{"line":7,"column":null}},"4":{"start":{"line":8,"column":4},"end":{"line":8,"column":43}},"5":{"start":{"line":11,"column":4},"end":{"line":17,"column":null}},"6":{"start":{"line":14,"column":8},"end":{"line":14,"column":null}},"7":{"start":{"line":16,"column":8},"end":{"line":16,"column":null}},"8":{"start":{"line":20,"column":4},"end":{"line":20,"column":null}}},"fnMap":{"0":{"name":"(anonymous_7)","decl":{"start":{"line":6,"column":8},"end":{"line":6,"column":18}},"loc":{"start":{"line":6,"column":36},"end":{"line":9,"column":null}}},"1":{"name":"(anonymous_9)","decl":{"start":{"line":10,"column":8},"end":{"line":10,"column":15}},"loc":{"start":{"line":10,"column":15},"end":{"line":18,"column":null}}},"2":{"name":"(anonymous_11)","decl":{"start":{"line":13,"column":12},"end":{"line":13,"column":13}},"loc":{"start":{"line":13,"column":21},"end":{"line":15,"column":7}}},"3":{"name":"(anonymous_12)","decl":{"start":{"line":15,"column":15},"end":{"line":15,"column":16}},"loc":{"start":{"line":15,"column":25},"end":{"line":17,"column":7}}},"4":{"name":"(anonymous_13)","decl":{"start":{"line":19,"column":8},"end":{"line":19,"column":23}},"loc":{"start":{"line":19,"column":37},"end":{"line":21,"column":null}}}},"branchMap":{},"s":{"0":1,"1":1,"2":1,"3":0,"4":0,"5":0,"6":0,"7":0,"8":0},"f":{"0":0,"1":0,"2":0,"3":0,"4":0},"b":{}}
,"D:\\Latihan Code\\JS-TS-here\\rest-api\\src\\services\\product.srv.ts": {"path":"D:\\Latihan Code\\JS-TS-here\\rest-api\\src\\services\\product.srv.ts","statementMap":{"0":{"start":{"line":1,"column":0},"end":{"line":1,"column":54}},"1":{"start":{"line":2,"column":0},"end":{"line":2,"column":41}},"2":{"start":{"line":7,"column":4},"end":{"line":13,"column":null}},"3":{"start":{"line":10,"column":8},"end":{"line":10,"column":null}},"4":{"start":{"line":12,"column":8},"end":{"line":12,"column":null}},"5":{"start":{"line":17,"column":4},"end":{"line":17,"column":null}},"6":{"start":{"line":21,"column":4},"end":{"line":21,"column":null}},"7":{"start":{"line":25,"column":4},"end":{"line":25,"column":null}},"8":{"start":{"line":29,"column":4},"end":{"line":29,"column":null}},"9":{"start":{"line":5,"column":0},"end":{"line":5,"column":21}}},"fnMap":{"0":{"name":"(anonymous_7)","decl":{"start":{"line":6,"column":2},"end":{"line":6,"column":8}},"loc":{"start":{"line":6,"column":26},"end":{"line":14,"column":null}}},"1":{"name":"(anonymous_9)","decl":{"start":{"line":9,"column":12},"end":{"line":9,"column":13}},"loc":{"start":{"line":9,"column":21},"end":{"line":11,"column":7}}},"2":{"name":"(anonymous_10)","decl":{"start":{"line":11,"column":15},"end":{"line":11,"column":16}},"loc":{"start":{"line":11,"column":25},"end":{"line":13,"column":7}}},"3":{"name":"(anonymous_11)","decl":{"start":{"line":16,"column":2},"end":{"line":16,"column":8}},"loc":{"start":{"line":16,"column":45},"end":{"line":18,"column":null}}},"4":{"name":"(anonymous_13)","decl":{"start":{"line":20,"column":2},"end":{"line":20,"column":8}},"loc":{"start":{"line":20,"column":36},"end":{"line":22,"column":null}}},"5":{"name":"(anonymous_15)","decl":{"start":{"line":24,"column":2},"end":{"line":24,"column":8}},"loc":{"start":{"line":24,"column":49},"end":{"line":26,"column":null}}},"6":{"name":"(anonymous_17)","decl":{"start":{"line":28,"column":2},"end":{"line":28,"column":8}},"loc":{"start":{"line":28,"column":31},"end":{"line":30,"column":null}}}},"branchMap":{},"s":{"0":1,"1":1,"2":0,"3":0,"4":0,"5":1,"6":1,"7":0,"8":0,"9":1},"f":{"0":0,"1":0,"2":0,"3":1,"4":1,"5":0,"6":0},"b":{}}
,"D:\\Latihan Code\\JS-TS-here\\rest-api\\src\\utils\\hashing.ts": {"path":"D:\\Latihan Code\\JS-TS-here\\rest-api\\src\\utils\\hashing.ts","statementMap":{"0":{"start":{"line":1,"column":0},"end":{"line":1,"column":27}},"1":{"start":{"line":4,"column":2},"end":{"line":4,"column":null}},"2":{"start":{"line":3,"column":0},"end":{"line":3,"column":16}},"3":{"start":{"line":8,"column":2},"end":{"line":8,"column":null}},"4":{"start":{"line":7,"column":0},"end":{"line":7,"column":16}}},"fnMap":{"0":{"name":"hashing","decl":{"start":{"line":3,"column":16},"end":{"line":3,"column":23}},"loc":{"start":{"line":3,"column":35},"end":{"line":5,"column":1}}},"1":{"name":"checkPassword","decl":{"start":{"line":7,"column":16},"end":{"line":7,"column":29}},"loc":{"start":{"line":7,"column":65},"end":{"line":9,"column":1}}}},"branchMap":{},"s":{"0":1,"1":0,"2":1,"3":0,"4":1},"f":{"0":0,"1":0},"b":{}}
,"D:\\Latihan Code\\JS-TS-here\\rest-api\\src\\utils\\jwt.ts": {"path":"D:\\Latihan Code\\JS-TS-here\\rest-api\\src\\utils\\jwt.ts","statementMap":{"0":{"start":{"line":1,"column":0},"end":{"line":1,"column":31}},"1":{"start":{"line":2,"column":0},"end":{"line":2,"column":35}},"2":{"start":{"line":3,"column":0},"end":{"line":3,"column":43}},"3":{"start":{"line":5,"column":23},"end":{"line":10,"column":1}},"4":{"start":{"line":6,"column":2},"end":{"line":9,"column":5}},"5":{"start":{"line":5,"column":13},"end":{"line":5,"column":23}},"6":{"start":{"line":12,"column":25},"end":{"line":28,"column":1}},"7":{"start":{"line":13,"column":2},"end":{"line":27,"column":null}},"8":{"start":{"line":14,"column":20},"end":{"line":14,"column":60}},"9":{"start":{"line":15,"column":4},"end":{"line":19,"column":null}},"10":{"start":{"line":21,"column":4},"end":{"line":21,"column":38}},"11":{"start":{"line":22,"column":4},"end":{"line":26,"column":null}},"12":{"start":{"line":12,"column":13},"end":{"line":12,"column":25}}},"fnMap":{"0":{"name":"(anonymous_1)","decl":{"start":{"line":5,"column":23},"end":{"line":5,"column":24}},"loc":{"start":{"line":5,"column":82},"end":{"line":10,"column":1}}},"1":{"name":"(anonymous_2)","decl":{"start":{"line":12,"column":25},"end":{"line":12,"column":26}},"loc":{"start":{"line":12,"column":43},"end":{"line":28,"column":1}}}},"branchMap":{"0":{"loc":{"start":{"line":7,"column":8},"end":{"line":7,"column":26}},"type":"binary-expr","locations":[{"start":{"line":7,"column":8},"end":{"line":7,"column":15}},{"start":{"line":7,"column":19},"end":{"line":7,"column":26}}]}},"s":{"0":1,"1":1,"2":1,"3":1,"4":0,"5":1,"6":1,"7":0,"8":0,"9":0,"10":0,"11":0,"12":1},"f":{"0":0,"1":0},"b":{"0":[0,0]}}
,"D:\\Latihan Code\\JS-TS-here\\rest-api\\src\\utils\\loggers.ts": {"path":"D:\\Latihan Code\\JS-TS-here\\rest-api\\src\\utils\\loggers.ts","statementMap":{"0":{"start":{"line":1,"column":0},"end":{"line":1,"column":23}},"1":{"start":{"line":2,"column":0},"end":{"line":2,"column":32}},"2":{"start":{"line":3,"column":0},"end":{"line":3,"column":27}},"3":{"start":{"line":5,"column":13},"end":{"line":13,"column":null}},"4":{"start":{"line":10,"column":21},"end":{"line":10,"column":53}}},"fnMap":{"0":{"name":"(anonymous_1)","decl":{"start":{"line":10,"column":15},"end":{"line":10,"column":18}},"loc":{"start":{"line":10,"column":21},"end":{"line":10,"column":53}}}},"branchMap":{},"s":{"0":1,"1":1,"2":1,"3":1,"4":1},"f":{"0":1},"b":{}}
,"D:\\Latihan Code\\JS-TS-here\\rest-api\\src\\utils\\server.ts": {"path":"D:\\Latihan Code\\JS-TS-here\\rest-api\\src\\utils\\server.ts","statementMap":{"0":{"start":{"line":1,"column":0},"end":{"line":1,"column":79}},"1":{"start":{"line":2,"column":0},"end":{"line":2,"column":37}},"2":{"start":{"line":3,"column":0},"end":{"line":3,"column":24}},"3":{"start":{"line":4,"column":0},"end":{"line":4,"column":63}},"4":{"start":{"line":5,"column":0},"end":{"line":5,"column":31}},"5":{"start":{"line":7,"column":21},"end":{"line":25,"column":1}},"6":{"start":{"line":8,"column":27},"end":{"line":8,"column":36}},"7":{"start":{"line":10,"column":2},"end":{"line":10,"column":null}},"8":{"start":{"line":11,"column":2},"end":{"line":11,"column":null}},"9":{"start":{"line":14,"column":2},"end":{"line":14,"column":null}},"10":{"start":{"line":15,"column":2},"end":{"line":20,"column":null}},"11":{"start":{"line":16,"column":4},"end":{"line":16,"column":null}},"12":{"start":{"line":17,"column":4},"end":{"line":17,"column":null}},"13":{"start":{"line":18,"column":4},"end":{"line":18,"column":null}},"14":{"start":{"line":19,"column":4},"end":{"line":19,"column":null}},"15":{"start":{"line":21,"column":2},"end":{"line":21,"column":null}},"16":{"start":{"line":22,"column":2},"end":{"line":22,"column":null}},"17":{"start":{"line":24,"column":2},"end":{"line":24,"column":13}},"18":{"start":{"line":27,"column":0},"end":{"line":27,"column":28}}},"fnMap":{"0":{"name":"(anonymous_1)","decl":{"start":{"line":7,"column":21},"end":{"line":7,"column":24}},"loc":{"start":{"line":7,"column":26},"end":{"line":25,"column":1}}},"1":{"name":"(anonymous_2)","decl":{"start":{"line":15,"column":10},"end":{"line":15,"column":11}},"loc":{"start":{"line":15,"column":62},"end":{"line":20,"column":3}}}},"branchMap":{},"s":{"0":1,"1":1,"2":1,"3":1,"4":1,"5":1,"6":1,"7":1,"8":1,"9":1,"10":1,"11":1,"12":1,"13":1,"14":1,"15":1,"16":1,"17":1,"18":1},"f":{"0":1,"1":1},"b":{}}
,"D:\\Latihan Code\\JS-TS-here\\rest-api\\src\\validations\\product.validation.ts": {"path":"D:\\Latihan Code\\JS-TS-here\\rest-api\\src\\validations\\product.validation.ts","statementMap":{"0":{"start":{"line":1,"column":0},"end":{"line":1,"column":21}},"1":{"start":{"line":4,"column":37},"end":{"line":13,"column":1}},"2":{"start":{"line":5,"column":17},"end":{"line":11,"column":4}},"3":{"start":{"line":12,"column":2},"end":{"line":12,"column":null}},"4":{"start":{"line":4,"column":13},"end":{"line":4,"column":37}},"5":{"start":{"line":14,"column":37},"end":{"line":22,"column":1}},"6":{"start":{"line":15,"column":17},"end":{"line":20,"column":4}},"7":{"start":{"line":21,"column":2},"end":{"line":21,"column":null}},"8":{"start":{"line":14,"column":13},"end":{"line":14,"column":37}}},"fnMap":{"0":{"name":"(anonymous_1)","decl":{"start":{"line":4,"column":37},"end":{"line":4,"column":38}},"loc":{"start":{"line":4,"column":62},"end":{"line":13,"column":1}}},"1":{"name":"(anonymous_2)","decl":{"start":{"line":14,"column":37},"end":{"line":14,"column":38}},"loc":{"start":{"line":14,"column":61},"end":{"line":22,"column":1}}}},"branchMap":{},"s":{"0":1,"1":1,"2":0,"3":0,"4":1,"5":1,"6":0,"7":0,"8":1},"f":{"0":0,"1":0},"b":{}}
,"D:\\Latihan Code\\JS-TS-here\\rest-api\\src\\validations\\user.validation.ts": {"path":"D:\\Latihan Code\\JS-TS-here\\rest-api\\src\\validations\\user.validation.ts","statementMap":{"0":{"start":{"line":1,"column":0},"end":{"line":1,"column":21}},"1":{"start":{"line":4,"column":13},"end":{"line":31,"column":null}},"2":{"start":{"line":6,"column":19},"end":{"line":12,"column":6}},"3":{"start":{"line":13,"column":4},"end":{"line":13,"column":null}},"4":{"start":{"line":17,"column":19},"end":{"line":20,"column":6}},"5":{"start":{"line":21,"column":4},"end":{"line":21,"column":null}},"6":{"start":{"line":25,"column":19},"end":{"line":27,"column":6}},"7":{"start":{"line":28,"column":4},"end":{"line":28,"column":null}}},"fnMap":{"0":{"name":"(anonymous_1)","decl":{"start":{"line":5,"column":2},"end":{"line":5,"column":20}},"loc":{"start":{"line":5,"column":38},"end":{"line":14,"column":3}}},"1":{"name":"(anonymous_2)","decl":{"start":{"line":16,"column":2},"end":{"line":16,"column":15}},"loc":{"start":{"line":16,"column":33},"end":{"line":22,"column":3}}},"2":{"name":"(anonymous_3)","decl":{"start":{"line":24,"column":2},"end":{"line":24,"column":22}},"loc":{"start":{"line":24,"column":38},"end":{"line":29,"column":3}}}},"branchMap":{},"s":{"0":1,"1":1,"2":0,"3":0,"4":0,"5":0,"6":0,"7":0},"f":{"0":0,"1":0,"2":0},"b":{}}
}
