TN:
SF:src\config\environment.ts
FNF:0
FNH:0
DA:1,1
DA:3,1
DA:9,1
LF:3
LH:3
BRF:0
BRH:0
end_of_record
TN:
SF:src\controllers\auth.controller.ts
FN:11,(anonymous_7)
FN:42,(anonymous_9)
FN:59,(anonymous_11)
FN:96,(anonymous_13)
FNF:4
FNH:0
FNDA:0,(anonymous_7)
FNDA:0,(anonymous_9)
FNDA:0,(anonymous_11)
FNDA:0,(anonymous_13)
DA:2,1
DA:3,1
DA:4,1
DA:5,1
DA:6,1
DA:8,1
DA:10,1
DA:12,0
DA:13,0
DA:15,0
DA:16,0
DA:17,0
DA:24,0
DA:25,0
DA:26,0
DA:27,0
DA:33,0
DA:34,0
DA:43,0
DA:44,0
DA:45,0
DA:46,0
DA:52,0
DA:60,0
DA:61,0
DA:62,0
DA:68,0
DA:69,0
DA:70,0
DA:72,0
DA:73,0
DA:77,0
DA:78,0
DA:79,0
DA:86,0
DA:87,0
DA:88,0
DA:97,0
DA:98,0
DA:99,0
DA:105,0
DA:106,0
DA:107,0
DA:108,0
DA:109,0
DA:114,0
DA:120,0
DA:121,0
LF:48
LH:7
BRDA:15,0,0,0
BRDA:45,1,0,0
BRDA:61,2,0,0
BRDA:72,3,0,0
BRDA:98,4,0,0
BRDA:108,5,0,0
BRF:6
BRH:0
end_of_record
TN:
SF:src\controllers\product.controller.ts
FN:13,(anonymous_8)
FN:43,(anonymous_10)
FN:63,(anonymous_12)
FN:86,(anonymous_13)
FN:110,(anonymous_15)
FN:116,(anonymous_17)
FN:134,(anonymous_18)
FN:156,(anonymous_20)
FNF:8
FNH:1
FNDA:0,(anonymous_8)
FNDA:0,(anonymous_10)
FNDA:0,(anonymous_12)
FNDA:0,(anonymous_13)
FNDA:0,(anonymous_15)
FNDA:0,(anonymous_17)
FNDA:1,(anonymous_18)
FNDA:0,(anonymous_20)
DA:2,1
DA:3,1
DA:4,1
DA:5,1
DA:7,1
DA:12,1
DA:14,0
DA:15,0
DA:16,0
DA:17,0
DA:18,0
DA:24,0
DA:25,0
DA:26,0
DA:34,0
DA:35,0
DA:44,0
DA:45,0
DA:46,0
DA:62,0
DA:63,0
DA:64,0
DA:66,0
DA:67,0
DA:73,0
DA:79,0
DA:88,0
DA:89,0
DA:90,0
DA:91,0
DA:97,0
DA:99,0
DA:100,0
DA:106,0
DA:111,0
DA:112,0
DA:113,0
DA:114,0
DA:115,0
DA:116,0
DA:117,0
DA:119,0
DA:120,0
DA:127,0
DA:135,1
DA:136,1
DA:137,1
DA:138,1
DA:139,0
DA:145,1
DA:151,0
DA:152,0
DA:157,0
DA:158,0
DA:159,0
DA:160,0
DA:161,0
DA:162,0
DA:163,0
DA:169,0
DA:175,0
DA:176,0
LF:62
LH:11
BRDA:16,0,0,0
BRDA:62,1,0,0
BRDA:66,2,0,0
BRDA:66,3,0,0
BRDA:66,3,1,0
BRDA:90,4,0,0
BRDA:115,5,0,0
BRDA:117,6,0,0
BRDA:117,6,1,0
BRDA:117,7,0,0
BRDA:117,7,1,0
BRDA:119,8,0,0
BRDA:119,9,0,0
BRDA:119,9,1,0
BRDA:138,10,0,0
BRDA:161,11,0,0
BRF:16
BRH:0
end_of_record
TN:
SF:src\middleware\auth.ts
FN:4,(anonymous_0)
FN:12,(anonymous_1)
FNF:2
FNH:0
FNDA:0,(anonymous_0)
FNDA:0,(anonymous_1)
DA:3,1
DA:5,0
DA:7,0
DA:8,0
DA:10,0
DA:13,0
DA:15,0
DA:16,0
DA:18,0
LF:9
LH:1
BRDA:7,0,0,0
BRDA:15,1,0,0
BRDA:15,2,0,0
BRDA:15,2,1,0
BRF:4
BRH:0
end_of_record
TN:
SF:src\middleware\deserializedToken.ts
FN:4,(anonymous_7)
FN:4,(anonymous_8)
FNF:2
FNH:2
FNDA:1,(anonymous_7)
FNDA:1,(anonymous_8)
DA:2,1
DA:4,1
DA:5,1
DA:7,1
DA:8,1
DA:10,0
DA:12,0
DA:13,0
DA:14,0
DA:16,0
DA:17,0
DA:19,0
DA:22,1
LF:13
LH:6
BRDA:5,0,0,1
BRDA:5,0,1,0
BRDA:5,1,0,1
BRDA:5,1,1,1
BRDA:7,2,0,1
BRDA:12,3,0,0
BRDA:16,4,0,0
BRF:7
BRH:4
end_of_record
TN:
SF:src\models\product.model.ts
FNF:0
FNH:0
DA:1,1
DA:3,1
DA:17,1
LF:3
LH:3
BRF:0
BRH:0
end_of_record
TN:
SF:src\models\user.model.ts
FNF:0
FNH:0
DA:1,1
DA:3,1
DA:11,1
LF:3
LH:3
BRF:0
BRH:0
end_of_record
TN:
SF:src\response\SuccessResponse.ts
FN:8,(anonymous_0)
FNF:1
FNH:0
FNDA:0,(anonymous_0)
DA:7,1
DA:9,0
LF:2
LH:1
BRF:0
BRH:0
end_of_record
TN:
SF:src\routes\auth.route.ts
FNF:0
FNH:0
DA:1,1
DA:2,1
DA:3,1
DA:5,1
DA:7,1
DA:8,1
DA:9,1
DA:10,1
LF:8
LH:8
BRF:0
BRH:0
end_of_record
TN:
SF:src\routes\health.route.ts
FN:5,(anonymous_0)
FNF:1
FNH:0
FNDA:0,(anonymous_0)
DA:1,1
DA:3,1
DA:5,1
DA:6,0
DA:7,0
LF:5
LH:3
BRF:0
BRH:0
end_of_record
TN:
SF:src\routes\index.ts
FN:14,(anonymous_0)
FN:15,(anonymous_1)
FNF:2
FNH:2
FNDA:1,(anonymous_0)
FNDA:3,(anonymous_1)
DA:2,1
DA:3,1
DA:4,1
DA:8,1
DA:14,1
DA:15,1
DA:16,3
DA:17,3
DA:21,1
LF:9
LH:9
BRF:0
BRH:0
end_of_record
TN:
SF:src\routes\products.route.ts
FNF:0
FNH:0
DA:1,1
DA:2,1
DA:3,1
DA:5,1
DA:7,1
DA:8,1
DA:10,1
DA:11,1
DA:12,1
DA:13,1
LF:10
LH:10
BRF:0
BRH:0
end_of_record
TN:
SF:src\services\auth.srv.ts
FN:6,(anonymous_7)
FN:10,(anonymous_9)
FN:13,(anonymous_11)
FN:15,(anonymous_12)
FN:19,(anonymous_13)
FNF:5
FNH:0
FNDA:0,(anonymous_7)
FNDA:0,(anonymous_9)
FNDA:0,(anonymous_11)
FNDA:0,(anonymous_12)
FNDA:0,(anonymous_13)
DA:1,1
DA:2,1
DA:5,1
DA:7,0
DA:8,0
DA:11,0
DA:14,0
DA:16,0
DA:20,0
LF:9
LH:3
BRF:0
BRH:0
end_of_record
TN:
SF:src\services\product.srv.ts
FN:6,(anonymous_7)
FN:9,(anonymous_9)
FN:11,(anonymous_10)
FN:16,(anonymous_11)
FN:20,(anonymous_13)
FN:24,(anonymous_15)
FN:28,(anonymous_17)
FNF:7
FNH:2
FNDA:0,(anonymous_7)
FNDA:0,(anonymous_9)
FNDA:0,(anonymous_10)
FNDA:1,(anonymous_11)
FNDA:1,(anonymous_13)
FNDA:0,(anonymous_15)
FNDA:0,(anonymous_17)
DA:1,1
DA:2,1
DA:5,1
DA:7,0
DA:10,0
DA:12,0
DA:17,1
DA:21,1
DA:25,0
DA:29,0
LF:10
LH:5
BRF:0
BRH:0
end_of_record
TN:
SF:src\utils\hashing.ts
FN:3,hashing
FN:7,checkPassword
FNF:2
FNH:0
FNDA:0,hashing
FNDA:0,checkPassword
DA:1,1
DA:3,1
DA:4,0
DA:7,1
DA:8,0
LF:5
LH:3
BRF:0
BRH:0
end_of_record
TN:
SF:src\utils\jwt.ts
FN:5,(anonymous_1)
FN:12,(anonymous_2)
FNF:2
FNH:0
FNDA:0,(anonymous_1)
FNDA:0,(anonymous_2)
DA:1,1
DA:2,1
DA:3,1
DA:5,1
DA:6,0
DA:12,1
DA:13,0
DA:14,0
DA:15,0
DA:21,0
DA:22,0
LF:11
LH:5
BRDA:7,0,0,0
BRDA:7,0,1,0
BRF:2
BRH:0
end_of_record
TN:
SF:src\utils\loggers.ts
FN:10,(anonymous_1)
FNF:1
FNH:1
FNDA:1,(anonymous_1)
DA:1,1
DA:2,1
DA:3,1
DA:5,1
DA:10,1
LF:5
LH:5
BRF:0
BRH:0
end_of_record
TN:
SF:src\utils\server.ts
FN:7,(anonymous_1)
FN:15,(anonymous_2)
FNF:2
FNH:2
FNDA:1,(anonymous_1)
FNDA:1,(anonymous_2)
DA:1,1
DA:2,1
DA:3,1
DA:4,1
DA:5,1
DA:7,1
DA:8,1
DA:10,1
DA:11,1
DA:14,1
DA:15,1
DA:16,1
DA:17,1
DA:18,1
DA:19,1
DA:21,1
DA:22,1
DA:24,1
DA:27,1
LF:19
LH:19
BRF:0
BRH:0
end_of_record
TN:
SF:src\validations\product.validation.ts
FN:4,(anonymous_1)
FN:14,(anonymous_2)
FNF:2
FNH:0
FNDA:0,(anonymous_1)
FNDA:0,(anonymous_2)
DA:1,1
DA:4,1
DA:5,0
DA:12,0
DA:14,1
DA:15,0
DA:21,0
LF:7
LH:3
BRF:0
BRH:0
end_of_record
TN:
SF:src\validations\user.validation.ts
FN:5,(anonymous_1)
FN:16,(anonymous_2)
FN:24,(anonymous_3)
FNF:3
FNH:0
FNDA:0,(anonymous_1)
FNDA:0,(anonymous_2)
FNDA:0,(anonymous_3)
DA:1,1
DA:4,1
DA:6,0
DA:13,0
DA:17,0
DA:21,0
DA:25,0
DA:28,0
LF:8
LH:2
BRF:0
BRH:0
end_of_record
